<?xml version="1.0" encoding="UTF-8"?>
<testng-results ignored="0" total="1" passed="1" failed="0" skipped="0">
  <reporter-output>
  </reporter-output>
  <suite started-at="2023-05-22T22:52:08 GMT-06:00" name="Default suite" finished-at="2023-05-22T22:52:59 GMT-06:00" duration-ms="50814">
    <groups>
    </groups>
    <test started-at="2023-05-22T22:52:08 GMT-06:00" name="Default test" finished-at="2023-05-22T22:52:59 GMT-06:00" duration-ms="50814">
      <class name="com.WiproWebDriver.TestScenario_EdgeBrowser03">
        <test-method signature="SeleniumPractise()[pri:0, instance:com.WiproWebDriver.TestScenario_EdgeBrowser03@152aa092]" started-at="2023-05-22T22:52:08 GMT-06:00" name="SeleniumPractise" finished-at="2023-05-22T22:52:59 GMT-06:00" duration-ms="50769" status="PASS">
          <reporter-output>
          </reporter-output>
        </test-method> <!-- SeleniumPractise -->
      </class> <!-- com.WiproWebDriver.TestScenario_EdgeBrowser03 -->
    </test> <!-- Default test -->
  </suite> <!-- Default suite -->
</testng-results>
